<?xml version="1.0" encoding="UTF-8"?>
<testsuite name="test.BookSpec" tests="1" skipped="0" failures="1" errors="0" timestamp="2015-07-14T19:25:32" hostname="notebook-ralf" time="0.203">
  <properties/>
  <testcase name="test something" classname="test.BookSpec" time="0.203">
    <failure message="Condition not satisfied:&#10;&#10;true == false&#10;     |&#10;     false&#10;" type="org.spockframework.runtime.SpockComparisonFailure">Condition not satisfied:

true == false
     |
     false

	at test.BookSpec.test something(BookSpec.groovy:20)
</failure>
  </testcase>
  <system-out><![CDATA[]]></system-out>
  <system-err><![CDATA[Jul 14, 2015 9:25:33 PM org.codehaus.groovy.runtime.callsite.PojoMetaMethodSite$PojoCachedMethodSiteNoUnwrap invoke
WARNING: Problem writing summary report: groovy.lang.MissingPropertyException: No such property: stats for class: groovy.lang.Binding
Possible solutions: class
]]></system-err>
</testsuite>
