<?xml version="1.0" encoding="UTF-8"?>
<testsuite name="test.BookControllerSpec" tests="7" skipped="0" failures="3" errors="0" timestamp="2015-07-14T19:25:27" hostname="notebook-ralf" time="4.669">
  <properties/>
  <testcase name="Test the index action returns the correct model" classname="test.BookControllerSpec" time="4.232"/>
  <testcase name="Test the create action returns the correct model" classname="test.BookControllerSpec" time="0.109"/>
  <testcase name="Test the save action correctly persists an instance" classname="test.BookControllerSpec" time="0.219">
    <failure message="grails.web.mapping.mvc.exceptions.CannotRedirectException: Cannot redirect for object [test.Book : (unsaved)] it is not a domain or has no identifier. Use an explicit redirect instead " type="grails.web.mapping.mvc.exceptions.CannotRedirectException">grails.web.mapping.mvc.exceptions.CannotRedirectException: Cannot redirect for object [test.Book : (unsaved)] it is not a domain or has no identifier. Use an explicit redirect instead 
	at grails.artefact.controller.support.ResponseRedirector$Trait$Helper.redirect(ResponseRedirector.groovy:98)
	at test.BookController._tt__save_closure12$_closure17(BookController.groovy:43)
	at test.BookController._tt__save_closure12$_closure17(BookController.groovy)
	at groovy.lang.Closure.call(Closure.java:423)
	at groovy.lang.Closure.call(Closure.java:417)
	at org.grails.plugins.web.api.MimeTypesApiSupport.getResponseForFormat(MimeTypesApiSupport.groovy:142)
	at org.grails.plugins.web.api.MimeTypesApiSupport.withFormatInternal(MimeTypesApiSupport.groovy:57)
	at org.grails.plugins.web.api.MimeTypesApiSupport.withFormat(MimeTypesApiSupport.groovy:40)
	at org.grails.web.mime.HttpServletRequestExtension.withFormat(HttpServletRequestExtension.groovy:41)
	at test.BookController.$tt__save(BookController.groovy:40)
	at test.BookController.save_closure2(BookController.groovy)
	at groovy.lang.Closure.call(Closure.java:423)
	at groovy.lang.Closure.call(Closure.java:439)
	at grails.transaction.GrailsTransactionTemplate$2.doInTransaction(GrailsTransactionTemplate.groovy:93)
	at org.springframework.transaction.support.TransactionTemplate.execute(TransactionTemplate.java:133)
	at grails.transaction.GrailsTransactionTemplate.execute(GrailsTransactionTemplate.groovy:90)
	at test.BookControllerSpec.Test the save action correctly persists an instance(BookControllerSpec.groovy:52)
</failure>
  </testcase>
  <testcase name="Test that the show action returns the correct model" classname="test.BookControllerSpec" time="0.016"/>
  <testcase name="Test that the edit action returns the correct model" classname="test.BookControllerSpec" time="0.031"/>
  <testcase name="Test the update action performs an update on a valid domain instance" classname="test.BookControllerSpec" time="0.031">
    <failure message="Condition not satisfied:&#10;&#10;book != null&#10;|    |&#10;null false&#10;" type="org.spockframework.runtime.ConditionNotSatisfiedError">Condition not satisfied:

book != null
|    |
null false

	at test.BookControllerSpec.Test the update action performs an update on a valid domain instance(BookControllerSpec.groovy:119)
</failure>
  </testcase>
  <testcase name="Test that the delete action deletes an instance if it exists" classname="test.BookControllerSpec" time="0.031">
    <failure message="Condition not satisfied:&#10;&#10;Book.count() == 1&#10;     |       |&#10;     0       false&#10;" type="org.spockframework.runtime.SpockComparisonFailure">Condition not satisfied:

Book.count() == 1
     |       |
     0       false

	at test.BookControllerSpec.Test that the delete action deletes an instance if it exists(BookControllerSpec.groovy:140)
</failure>
  </testcase>
  <system-out><![CDATA[]]></system-out>
  <system-err><![CDATA[Jul 14, 2015 9:25:32 PM org.codehaus.groovy.runtime.callsite.PojoMetaMethodSite$PojoCachedMethodSiteNoUnwrap invoke
WARNING: Problem writing summary report: groovy.lang.MissingPropertyException: No such property: stats for class: groovy.lang.Binding
Possible solutions: class
]]></system-err>
</testsuite>
